<?xml version="1.0" encoding="UTF-8"?>
<robot generator="Robot 6.0.2 (Python 3.11.4 on win32)" generated="20230612 17:25:40.271" rpa="false" schemaversion="3">
<suite id="s1" name="Mon Fichier" source="c:\Users\Formation\Desktop\projetGITRFW\mon_fichier.robot">
<test id="s1-t1" name="Connexion sans mot de passe" line="98">
<kw name="Ouvrir navigateur">
<kw name="Open Browser" library="SeleniumLibrary">
<arg>https://www.saucedemo.com/</arg>
<arg>chrome</arg>
<doc>Opens a new browser instance to the optional ``url``.</doc>
<msg timestamp="20230612 17:25:40.560" level="INFO">Opening browser 'chrome' to base url 'https://www.saucedemo.com/'.</msg>
<status status="PASS" starttime="20230612 17:25:40.560" endtime="20230612 17:25:43.523"/>
</kw>
<kw name="Maximize Browser Window" library="SeleniumLibrary">
<doc>Maximizes current browser window.</doc>
<status status="PASS" starttime="20230612 17:25:43.523" endtime="20230612 17:25:43.660"/>
</kw>
<status status="PASS" starttime="20230612 17:25:40.559" endtime="20230612 17:25:43.660"/>
</kw>
<kw name="Connexion formulaire login">
<arg>standard_user</arg>
<kw name="Input Text" library="SeleniumLibrary">
<arg>${user_login_champ}</arg>
<arg>${valeur}</arg>
<doc>Types the given ``text`` into the text field identified by ``locator``.</doc>
<msg timestamp="20230612 17:25:43.665" level="INFO">Typing text 'standard_user' into text field '//*[@id="user-name"]'.</msg>
<status status="PASS" starttime="20230612 17:25:43.663" endtime="20230612 17:25:43.818"/>
</kw>
<status status="PASS" starttime="20230612 17:25:43.662" endtime="20230612 17:25:43.819"/>
</kw>
<kw name="Input Text" library="SeleniumLibrary">
<arg>${user_password_champ}</arg>
<arg>${EMPTY}</arg>
<doc>Types the given ``text`` into the text field identified by ``locator``.</doc>
<msg timestamp="20230612 17:25:43.821" level="INFO">Typing text '' into text field '//*[@id="password"]'.</msg>
<status status="PASS" starttime="20230612 17:25:43.819" endtime="20230612 17:25:43.904"/>
</kw>
<kw name="Click Button" library="SeleniumLibrary">
<arg>${login_button}</arg>
<doc>Clicks the button identified by ``locator``.</doc>
<msg timestamp="20230612 17:25:43.905" level="INFO">Clicking button 'login-button'.</msg>
<status status="PASS" starttime="20230612 17:25:43.904" endtime="20230612 17:25:43.973"/>
</kw>
<kw name="Get Text" library="SeleniumLibrary">
<var>${message_erreur}</var>
<arg>//*[@id="login_button_container"]/div/form/div[3]/h3</arg>
<doc>Returns the text value of the element identified by ``locator``.</doc>
<msg timestamp="20230612 17:25:44.005" level="INFO">${message_erreur} = Epic sadface: Password is required</msg>
<status status="PASS" starttime="20230612 17:25:43.974" endtime="20230612 17:25:44.005"/>
</kw>
<kw name="Should Be Equal As Strings" library="BuiltIn">
<arg>${message_erreur}</arg>
<arg>Epic sadface: Password is required</arg>
<doc>Fails if objects are unequal after converting them to strings.</doc>
<status status="PASS" starttime="20230612 17:25:44.006" endtime="20230612 17:25:44.007"/>
</kw>
<tag>erreur</tag>
<status status="PASS" starttime="20230612 17:25:40.558" endtime="20230612 17:25:44.008"/>
</test>
<status status="PASS" starttime="20230612 17:25:40.277" endtime="20230612 17:25:44.011"/>
</suite>
<statistics>
<total>
<stat pass="1" fail="0" skip="0">All Tests</stat>
</total>
<tag>
<stat pass="1" fail="0" skip="0">erreur</stat>
</tag>
<suite>
<stat pass="1" fail="0" skip="0" id="s1" name="Mon Fichier">Mon Fichier</stat>
</suite>
</statistics>
<errors>
</errors>
</robot>
